<?xml version="1.0" encoding="UTF-8"?>
<!-- Generated by org.testng.reporters.JUnitXMLReporter -->
<testsuite ignored="0" hostname="madhav-lengare" failures="0" tests="2" name="Submit Order" time="35.313" errors="0" timestamp="2024-03-24T20:35:46 IST">
  <testcase classname="Automation.SeleniumFramework.tests.SubmitOrderTest" name="submitOrderTest" time="21.328"/>
  <testcase classname="Automation.SeleniumFramework.tests.SubmitOrderTest" name="orderHistoryTest" time="1.909"/>
</testsuite> <!-- Submit Order -->
