<?xml version="1.0" encoding="UTF-8"?>
<!-- Generated by org.testng.reporters.JUnitXMLReporter -->
<testsuite ignored="0" hostname="madhav-lengare" failures="0" tests="3" name="Test" time="34.882" errors="0" timestamp="2024-03-24T13:01:34 IST">
  <testcase classname="Automation.SeleniumFramework.tests.SubmitOrder" name="submitOrderTest" time="12.99"/>
  <testcase classname="Automation.SeleniumFramework.tests.ErrorValidation" name="LoginErrorValidation" time="0.654"/>
  <testcase classname="Automation.SeleniumFramework.tests.ErrorValidation" name="ProductErrorValidation" time="11.273"/>
</testsuite> <!-- Test -->
